app/build/intermediates/manifest_merge_blame_file/debug/manifest-merger-blame-debug-report.txt
1<?xml version="1.0" encoding="utf-8"?>
2<manifest xmlns:android="http://schemas.android.com/apk/res/android"
3    package="com.stuff.reminder"
4    android:versionCode="1"
5    android:versionName="1.0" >
6
7    <uses-sdk
8        android:minSdkVersion="24"
9        android:targetSdkVersion="34" />
10
11    <uses-permission android:name="android.permission.POST_NOTIFICATIONS" />
11-->src/main/AndroidManifest.xml:3:5-76
11-->src/main/AndroidManifest.xml:3:22-74
12    <uses-permission android:name="android.permission.SCHEDULE_EXACT_ALARM" />
12-->src/main/AndroidManifest.xml:4:5-78
12-->src/main/AndroidManifest.xml:4:22-76
13
14    <application
14-->src/main/AndroidManifest.xml:5:5-23:19
15        android:allowBackup="true"
15-->src/main/AndroidManifest.xml:6:9-35
16        android:debuggable="true"
17        android:extractNativeLibs="false"
18        android:label="Stuff"
18-->src/main/AndroidManifest.xml:7:9-30
19        android:theme="@android:style/Theme.DeviceDefault.NoActionBar" >
19-->src/main/AndroidManifest.xml:8:9-71
20        <activity
20-->src/main/AndroidManifest.xml:9:9-14:20
21            android:name="com.stuff.reminder.MainActivity"
21-->src/main/AndroidManifest.xml:9:19-47
22            android:exported="true" >
22-->src/main/AndroidManifest.xml:9:48-71
23            <intent-filter>
23-->src/main/AndroidManifest.xml:10:13-13:29
24                <action android:name="android.intent.action.MAIN" />
24-->src/main/AndroidManifest.xml:11:17-69
24-->src/main/AndroidManifest.xml:11:25-66
25
26                <category android:name="android.intent.category.LAUNCHER" />
26-->src/main/AndroidManifest.xml:12:17-77
26-->src/main/AndroidManifest.xml:12:27-74
27            </intent-filter>
28        </activity>
29
30        <receiver
30-->src/main/AndroidManifest.xml:15:9-20:20
31            android:name="com.stuff.reminder.StuffWidgetProvider"
31-->src/main/AndroidManifest.xml:15:19-54
32            android:exported="true" >
32-->src/main/AndroidManifest.xml:15:55-78
33            <intent-filter>
33-->src/main/AndroidManifest.xml:16:13-18:29
34                <action android:name="android.appwidget.action.APPWIDGET_UPDATE" />
34-->src/main/AndroidManifest.xml:17:17-84
34-->src/main/AndroidManifest.xml:17:25-81
35            </intent-filter>
36
37            <meta-data
37-->src/main/AndroidManifest.xml:19:13-110
38                android:name="android.appwidget.provider"
38-->src/main/AndroidManifest.xml:19:24-65
39                android:resource="@xml/stuff_widget_info" />
39-->src/main/AndroidManifest.xml:19:66-107
40        </receiver>
41
42        <service
42-->src/main/AndroidManifest.xml:21:9-112
43            android:name="com.stuff.reminder.StuffWidgetService"
43-->src/main/AndroidManifest.xml:21:18-52
44            android:permission="android.permission.BIND_REMOTEVIEWS" />
44-->src/main/AndroidManifest.xml:21:53-109
45
46        <receiver
46-->src/main/AndroidManifest.xml:22:9-76
47            android:name="com.stuff.reminder.AlarmReceiver"
47-->src/main/AndroidManifest.xml:22:19-48
48            android:exported="false" />
48-->src/main/AndroidManifest.xml:22:49-73
49    </application>
50
51</manifest>